<?xml version="1.0" encoding="UTF-8"?>
<!-- Generated by org.testng.reporters.JUnitReportReporter -->
<testsuite skipped="0" hostname="DESKTOP-B31L15A" name="Tests.LoginTest" tests="1" failures="0" timestamp="2021-06-10T15:36:11 PDT" time="16.874" errors="0">
  <testcase name="doLogin" time="16.874" classname="Tests.LoginTest"/>
  <system-out/>
</testsuite> <!-- Tests.LoginTest -->
